生成启动时间为 11/3/2015 10:08:49 AM。
     1>项目“D:\WorkSpace\homework\PatternRecognization\第二次作业\SVMMinistRecognization\SVMMinistRecognization\SVMMinistRecognization.vcxproj”在节点 2 上(build 个目标)。
     1>PrepareForBuild:
         正在创建目录“D:\WorkSpace\homework\PatternRecognization\第二次作业\SVMMinistRecognization\x64\Debug\”。
       InitializeBuildStatus:
         正在创建“x64\Debug\SVMMinistRecognization.unsuccessfulbuild”，因为已指定“AlwaysCreate”。
       ClCompile:
         C:\Program Files (x86)\Microsoft Visual Studio 10.0\VC\bin\x86_amd64\CL.exe /c /ID:\WorkSpace\opencv\build\include /Zi /nologo /W3 /WX- /Od /D WIN32 /D _DEBUG /D _CONSOLE /D _UNICODE /D UNICODE /Gm /EHsc /RTC1 /MDd /GS /fp:precise /Zc:wchar_t /Zc:forScope /Fo"x64\Debug\\" /Fd"x64\Debug\vc100.pdb" /Gd /TP /errorReport:prompt SVMRecog.cpp
         SVMRecog.cpp
     1>SVMRecog.cpp(67): warning C4267: “初始化”: 从“size_t”转换到“int”，可能丢失数据
     1>SVMRecog.cpp(124): warning C4244: “=”: 从“double”转换到“int”，可能丢失数据
     1>SVMRecog.cpp(199): warning C4267: “参数”: 从“size_t”转换到“int”，可能丢失数据
     1>SVMRecog.cpp(207): warning C4244: “初始化”: 从“float”转换到“int”，可能丢失数据
       ManifestResourceCompile:
         C:\Program Files (x86)\Microsoft SDKs\Windows\v7.0A\bin\rc.exe /nologo /fo"x64\Debug\SVMMinistRecognization.exe.embed.manifest.res" x64\Debug\SVMMinistRecognization_manifest.rc 
       Link:
         C:\Program Files (x86)\Microsoft Visual Studio 10.0\VC\bin\x86_amd64\link.exe /ERRORREPORT:PROMPT /OUT:"D:\WorkSpace\homework\PatternRecognization\第二次作业\SVMMinistRecognization\x64\Debug\SVMMinistRecognization.exe" /INCREMENTAL /NOLOGO /LIBPATH:D:\WorkSpace\opencv\build\x64\vc10\lib /LIBPATH:"D:\SDK\libsvm-3.20\windows" opencv_calib3d249d.lib opencv_contrib249d.lib opencv_core249d.lib opencv_features2d249d.lib opencv_flann249d.lib opencv_gpu249d.lib opencv_highgui249d.lib opencv_imgproc249d.lib opencv_legacy249d.lib opencv_ml249d.lib opencv_objdetect249d.lib opencv_ts249d.lib opencv_video249d.lib kernel32.lib user32.lib gdi32.lib winspool.lib comdlg32.lib advapi32.lib shell32.lib ole32.lib oleaut32.lib uuid.lib odbc32.lib odbccp32.lib libsvm.lib /MANIFEST /ManifestFile:"x64\Debug\SVMMinistRecognization.exe.intermediate.manifest" /MANIFESTUAC:"level='asInvoker' uiAccess='false'" /DEBUG /PDB:"D:\WorkSpace\homework\PatternRecognization\第二次作业\SVMMinistRecognization\x64\Debug\SVMMinistRecognization.pdb" /SUBSYSTEM:CONSOLE /TLBID:1 /DYNAMICBASE /NXCOMPAT /IMPLIB:"D:\WorkSpace\homework\PatternRecognization\第二次作业\SVMMinistRecognization\x64\Debug\SVMMinistRecognization.lib" /MACHINE:X64 x64\Debug\SVMMinistRecognization.exe.embed.manifest.res
         x64\Debug\SVMRecog.obj
         libsvm.lib(svm.obj) : 找到 MSIL .netmodule 或使用 /GL 编译的模块；正在使用 /LTCG 重新启动链接；将 /LTCG 添加到链接命令行以改进链接器性能
     1>LINK : warning LNK4075: 忽略“/INCREMENTAL”(由于“/LTCG”规范)
     1>LINK : warning LNK4098: 默认库“MSVCRT”与其他库的使用冲突；请使用 /NODEFAULTLIB:library
         正在生成代码
         已完成代码的生成
         SVMMinistRecognization.vcxproj -> D:\WorkSpace\homework\PatternRecognization\第二次作业\SVMMinistRecognization\x64\Debug\SVMMinistRecognization.exe
       Manifest:
         C:\Program Files (x86)\Microsoft SDKs\Windows\v7.0A\bin\mt.exe /nologo /verbose /out:"x64\Debug\SVMMinistRecognization.exe.embed.manifest" /manifest x64\Debug\SVMMinistRecognization.exe.intermediate.manifest
         C:\Program Files (x86)\Microsoft SDKs\Windows\v7.0A\bin\rc.exe /nologo /fo"x64\Debug\SVMMinistRecognization.exe.embed.manifest.res" x64\Debug\SVMMinistRecognization_manifest.rc 
       LinkEmbedManifest:
         C:\Program Files (x86)\Microsoft Visual Studio 10.0\VC\bin\x86_amd64\link.exe /ERRORREPORT:PROMPT /OUT:"D:\WorkSpace\homework\PatternRecognization\第二次作业\SVMMinistRecognization\x64\Debug\SVMMinistRecognization.exe" /INCREMENTAL /NOLOGO /LIBPATH:D:\WorkSpace\opencv\build\x64\vc10\lib /LIBPATH:"D:\SDK\libsvm-3.20\windows" opencv_calib3d249d.lib opencv_contrib249d.lib opencv_core249d.lib opencv_features2d249d.lib opencv_flann249d.lib opencv_gpu249d.lib opencv_highgui249d.lib opencv_imgproc249d.lib opencv_legacy249d.lib opencv_ml249d.lib opencv_objdetect249d.lib opencv_ts249d.lib opencv_video249d.lib kernel32.lib user32.lib gdi32.lib winspool.lib comdlg32.lib advapi32.lib shell32.lib ole32.lib oleaut32.lib uuid.lib odbc32.lib odbccp32.lib libsvm.lib /MANIFEST /ManifestFile:"x64\Debug\SVMMinistRecognization.exe.intermediate.manifest" /MANIFESTUAC:"level='asInvoker' uiAccess='false'" /DEBUG /PDB:"D:\WorkSpace\homework\PatternRecognization\第二次作业\SVMMinistRecognization\x64\Debug\SVMMinistRecognization.pdb" /SUBSYSTEM:CONSOLE /TLBID:1 /DYNAMICBASE /NXCOMPAT /IMPLIB:"D:\WorkSpace\homework\PatternRecognization\第二次作业\SVMMinistRecognization\x64\Debug\SVMMinistRecognization.lib" /MACHINE:X64 x64\Debug\SVMMinistRecognization.exe.embed.manifest.res
         x64\Debug\SVMRecog.obj
         libsvm.lib(svm.obj) : 找到 MSIL .netmodule 或使用 /GL 编译的模块；正在使用 /LTCG 重新启动链接；将 /LTCG 添加到链接命令行以改进链接器性能
     1>LINK : warning LNK4075: 忽略“/INCREMENTAL”(由于“/LTCG”规范)
     1>LINK : warning LNK4098: 默认库“MSVCRT”与其他库的使用冲突；请使用 /NODEFAULTLIB:library
         正在生成代码
         已完成代码的生成
         SVMMinistRecognization.vcxproj -> D:\WorkSpace\homework\PatternRecognization\第二次作业\SVMMinistRecognization\x64\Debug\SVMMinistRecognization.exe
       FinalizeBuildStatus:
         正在删除文件“x64\Debug\SVMMinistRecognization.unsuccessfulbuild”。
         正在对“x64\Debug\SVMMinistRecognization.lastbuildstate”执行 Touch 任务。
     1>已完成生成项目“D:\WorkSpace\homework\PatternRecognization\第二次作业\SVMMinistRecognization\SVMMinistRecognization\SVMMinistRecognization.vcxproj”(build 个目标)的操作。

生成成功。

已用时间 00:00:13.36
