生成启动时间为 2015/11/22 20:11:26。
     1>项目“D:\WorkSpace\homework\PatternRecognization\第二次作业\SVMMinistRecognization\SVMMinistRecognization\SVMMinistRecognization.vcxproj”在节点 2 上(build 个目标)。
     1>InitializeBuildStatus:
         正在创建“Debug\SVMMinistRecognization.unsuccessfulbuild”，因为已指定“AlwaysCreate”。
       ClCompile:
         C:\Program Files (x86)\Microsoft Visual Studio 10.0\VC\bin\CL.exe /c /ID:\WorkSpace\opencv\build\include /ZI /nologo /W3 /WX- /Od /Oy- /D WIN32 /D _DEBUG /D _CONSOLE /D _UNICODE /D UNICODE /Gm /EHsc /RTC1 /MDd /GS /fp:precise /Zc:wchar_t /Zc:forScope /Fo"Debug\\" /Fd"Debug\vc100.pdb" /Gd /TP /analyze- /errorReport:prompt SVMRecog.cpp
         SVMRecog.cpp
     1>d:\workspace\homework\patternrecognization\第二次作业\svmministrecognization\svmministrecognization\svmrecog.cpp(215): warning C4244: “=”: 从“double”转换到“int”，可能丢失数据
     1>d:\workspace\homework\patternrecognization\第二次作业\svmministrecognization\svmministrecognization\svmrecog.cpp(312): warning C4244: “初始化”: 从“float”转换到“int”，可能丢失数据
     1>d:\workspace\homework\patternrecognization\第二次作业\svmministrecognization\svmministrecognization\svmrecog.cpp(367): warning C4244: “初始化”: 从“double”转换到“int”，可能丢失数据
       ManifestResourceCompile:
         所有输出均为最新。
       Link:
         C:\Program Files (x86)\Microsoft Visual Studio 10.0\VC\bin\link.exe /ERRORREPORT:PROMPT /OUT:"D:\WorkSpace\homework\PatternRecognization\第二次作业\SVMMinistRecognization\Debug\SVMMinistRecognization.exe" /INCREMENTAL /NOLOGO /LIBPATH:D:\WorkSpace\opencv\build\x86\vc10\lib opencv_calib3d249d.lib opencv_contrib249d.lib opencv_core249d.lib opencv_features2d249d.lib opencv_flann249d.lib opencv_gpu249d.lib opencv_highgui249d.lib opencv_imgproc249d.lib opencv_legacy249d.lib opencv_ml249d.lib opencv_objdetect249d.lib opencv_ts249d.lib opencv_video249d.lib kernel32.lib user32.lib gdi32.lib winspool.lib comdlg32.lib advapi32.lib shell32.lib ole32.lib oleaut32.lib uuid.lib odbc32.lib odbccp32.lib /MANIFEST /ManifestFile:"Debug\SVMMinistRecognization.exe.intermediate.manifest" /MANIFESTUAC:"level='asInvoker' uiAccess='false'" /DEBUG /PDB:"D:\WorkSpace\homework\PatternRecognization\第二次作业\SVMMinistRecognization\Debug\SVMMinistRecognization.pdb" /SUBSYSTEM:CONSOLE /TLBID:1 /DYNAMICBASE /NXCOMPAT /IMPLIB:"D:\WorkSpace\homework\PatternRecognization\第二次作业\SVMMinistRecognization\Debug\SVMMinistRecognization.lib" /MACHINE:X86 Debug\SVMMinistRecognization.exe.embed.manifest.res
         Debug\svm.obj
         Debug\SVMRecog.obj
       Manifest:
         C:\Program Files (x86)\Microsoft SDKs\Windows\v7.0A\bin\mt.exe /nologo /verbose /out:"Debug\SVMMinistRecognization.exe.embed.manifest" /manifest Debug\SVMMinistRecognization.exe.intermediate.manifest
         所有输出均为最新。
       LinkEmbedManifest:
         所有输出均为最新。
         SVMMinistRecognization.vcxproj -> D:\WorkSpace\homework\PatternRecognization\第二次作业\SVMMinistRecognization\Debug\SVMMinistRecognization.exe
       FinalizeBuildStatus:
         正在删除文件“Debug\SVMMinistRecognization.unsuccessfulbuild”。
         正在对“Debug\SVMMinistRecognization.lastbuildstate”执行 Touch 任务。
     1>已完成生成项目“D:\WorkSpace\homework\PatternRecognization\第二次作业\SVMMinistRecognization\SVMMinistRecognization\SVMMinistRecognization.vcxproj”(build 个目标)的操作。

生成成功。

已用时间 00:00:01.85
