D:\WORKSPACE\HOMEWORK\PATTERNRECOGNIZATION\第二次作业\SVMMINISTRECOGNIZATION\DEBUG\SVMMINISTRECOGNIZATION.EXE
D:\WORKSPACE\HOMEWORK\PATTERNRECOGNIZATION\第二次作业\SVMMINISTRECOGNIZATION\DEBUG\SVMMINISTRECOGNIZATION.ILK
D:\WORKSPACE\HOMEWORK\PATTERNRECOGNIZATION\第二次作业\SVMMINISTRECOGNIZATION\DEBUG\SVMMINISTRECOGNIZATION.PDB
D:\WorkSpace\homework\PatternRecognization\第二次作业\SVMMinistRecognization\SVMMinistRecognization\Debug\cl.command.1.tlog
D:\WorkSpace\homework\PatternRecognization\第二次作业\SVMMinistRecognization\SVMMinistRecognization\Debug\CL.read.1.tlog
D:\WorkSpace\homework\PatternRecognization\第二次作业\SVMMinistRecognization\SVMMinistRecognization\Debug\CL.write.1.tlog
D:\WorkSpace\homework\PatternRecognization\第二次作业\SVMMinistRecognization\SVMMinistRecognization\Debug\link.226508.read.1.tlog
D:\WorkSpace\homework\PatternRecognization\第二次作业\SVMMinistRecognization\SVMMinistRecognization\Debug\link.226508.write.1.tlog
D:\WorkSpace\homework\PatternRecognization\第二次作业\SVMMinistRecognization\SVMMinistRecognization\Debug\link.226508-cvtres.read.1.tlog
D:\WorkSpace\homework\PatternRecognization\第二次作业\SVMMinistRecognization\SVMMinistRecognization\Debug\link.226508-cvtres.write.1.tlog
D:\WorkSpace\homework\PatternRecognization\第二次作业\SVMMinistRecognization\SVMMinistRecognization\Debug\link.command.1.tlog
D:\WorkSpace\homework\PatternRecognization\第二次作业\SVMMinistRecognization\SVMMinistRecognization\Debug\link.read.1.tlog
D:\WorkSpace\homework\PatternRecognization\第二次作业\SVMMinistRecognization\SVMMinistRecognization\Debug\link.write.1.tlog
D:\WorkSpace\homework\PatternRecognization\第二次作业\SVMMinistRecognization\SVMMinistRecognization\Debug\link-cvtres.read.1.tlog
D:\WorkSpace\homework\PatternRecognization\第二次作业\SVMMinistRecognization\SVMMinistRecognization\Debug\link-cvtres.write.1.tlog
D:\WorkSpace\homework\PatternRecognization\第二次作业\SVMMinistRecognization\SVMMinistRecognization\Debug\mt.command.1.tlog
D:\WorkSpace\homework\PatternRecognization\第二次作业\SVMMinistRecognization\SVMMinistRecognization\Debug\mt.read.1.tlog
D:\WorkSpace\homework\PatternRecognization\第二次作业\SVMMinistRecognization\SVMMinistRecognization\Debug\mt.write.1.tlog
D:\WorkSpace\homework\PatternRecognization\第二次作业\SVMMinistRecognization\SVMMinistRecognization\Debug\rc.command.1.tlog
D:\WorkSpace\homework\PatternRecognization\第二次作业\SVMMinistRecognization\SVMMinistRecognization\Debug\rc.read.1.tlog
D:\WorkSpace\homework\PatternRecognization\第二次作业\SVMMinistRecognization\SVMMinistRecognization\Debug\rc.write.1.tlog
D:\WORKSPACE\HOMEWORK\PATTERNRECOGNIZATION\第二次作业\SVMMINISTRECOGNIZATION\SVMMINISTRECOGNIZATION\DEBUG\SVM.OBJ
D:\WORKSPACE\HOMEWORK\PATTERNRECOGNIZATION\第二次作业\SVMMINISTRECOGNIZATION\SVMMINISTRECOGNIZATION\DEBUG\SVMMINISTRECOGNIZATION.EXE.EMBED.MANIFEST
D:\WORKSPACE\HOMEWORK\PATTERNRECOGNIZATION\第二次作业\SVMMINISTRECOGNIZATION\SVMMINISTRECOGNIZATION\DEBUG\SVMMINISTRECOGNIZATION.EXE.EMBED.MANIFEST.RES
D:\WORKSPACE\HOMEWORK\PATTERNRECOGNIZATION\第二次作业\SVMMINISTRECOGNIZATION\SVMMINISTRECOGNIZATION\DEBUG\SVMMINISTRECOGNIZATION.EXE.INTERMEDIATE.MANIFEST
D:\WorkSpace\homework\PatternRecognization\第二次作业\SVMMinistRecognization\SVMMinistRecognization\Debug\SVMMinistRecognization.vcxprojResolveAssemblyReference.cache
D:\WorkSpace\homework\PatternRecognization\第二次作业\SVMMinistRecognization\SVMMinistRecognization\Debug\SVMMinistRecognization.write.1.tlog
D:\WorkSpace\homework\PatternRecognization\第二次作业\SVMMinistRecognization\SVMMinistRecognization\Debug\SVMMinistRecognization_manifest.rc
D:\WORKSPACE\HOMEWORK\PATTERNRECOGNIZATION\第二次作业\SVMMINISTRECOGNIZATION\SVMMINISTRECOGNIZATION\DEBUG\SVMRECOG.OBJ
D:\WorkSpace\homework\PatternRecognization\第二次作业\SVMMinistRecognization\SVMMinistRecognization\Debug\vc100.idb
D:\WORKSPACE\HOMEWORK\PATTERNRECOGNIZATION\第二次作业\SVMMINISTRECOGNIZATION\SVMMINISTRECOGNIZATION\DEBUG\VC100.PDB
